[debug] [2022-10-05T14:42:10.025Z] ----------------------------------------------------------------------
[debug] [2022-10-05T14:42:10.027Z] Command:       C:\Program Files\nodejs\node.exe C:\Users\Thom\AppData\Local\pnpm\global\5\node_modules\firebase-tools\lib\bin\firebase.js init
[debug] [2022-10-05T14:42:10.027Z] CLI Version:   11.13.0
[debug] [2022-10-05T14:42:10.027Z] Platform:      win32
[debug] [2022-10-05T14:42:10.027Z] Node Version:  v14.19.0
[debug] [2022-10-05T14:42:10.029Z] Time:          Wed Oct 05 2022 11:42:10 GMT-0300 (Brasilia Standard Time)
[debug] [2022-10-05T14:42:10.029Z] ----------------------------------------------------------------------
[debug] 
[debug] [2022-10-05T14:42:10.041Z] > command requires scopes: ["email","openid","https://www.googleapis.com/auth/cloudplatformprojects.readonly","https://www.googleapis.com/auth/firebase","https://www.googleapis.com/auth/cloud-platform"]
[debug] [2022-10-05T14:42:10.042Z] > authorizing via signed-in user (thomfilg@gmail.com)
[info] 
     ######## #### ########  ######## ########     ###     ######  ########
     ##        ##  ##     ## ##       ##     ##  ##   ##  ##       ##
     ######    ##  ########  ######   ########  #########  ######  ######
     ##        ##  ##    ##  ##       ##     ## ##     ##       ## ##
     ##       #### ##     ## ######## ########  ##     ##  ######  ########

You're about to initialize a Firebase project in this directory:

  C:\projetos\storyhunter-spotify-autocomplete

Before we get started, keep in mind:

  * You are currently outside your home directory

